<?xml version="1.0" encoding="UTF-8"?>
<testsuite xmlns:xsi="http://www.w3.org/2001/XMLSchema-instance" xsi:noNamespaceSchemaLocation="https://maven.apache.org/surefire/maven-surefire-plugin/xsd/surefire-test-report.xsd" name="sudoku.GrilleImplTest" time="0.117" tests="6" errors="0" skipped="0" failures="1">
  <properties>
[...]
</properties>
  <testcase name="testGetValue" classname="sudoku.GrilleImplTest" time="0.004"/>
  <testcase name="testMain" classname="sudoku.GrilleImplTest" time="0.001"/>
  <testcase name="testGetDimension" classname="sudoku.GrilleImplTest" time="0.001"/>
  <testcase name="testComplete" classname="sudoku.GrilleImplTest" time="0.073"/>
  <testcase name="testPossible" classname="sudoku.GrilleImplTest" time="0.001"/>
  <testcase name="testSetValue" classname="sudoku.GrilleImplTest" time="0.008">
    <failure message="Expected exception: java.lang.IllegalArgumentException" type="java.lang.AssertionError">java.lang.AssertionError: Expected exception: java.lang.IllegalArgumentException
</failure>
  </testcase>
</testsuite>